NOTIFY: ENGINE START
Window resolution: 1366 x 768
GLSL version: 4.30
OpenGL version: 4.3.12682 Compatibility Profile Context 13.301.1001.0
Vendor: ATI Technologies Inc.
Renderer: AMD Radeon(TM) R7 Graphics
NOTIFY: Massacre engine started properly!
NOTIFY: Massacre engine finished properly!
NOTIFY: memory_Report: alloc of 512 bytes from material_Init
NOTIFY: memory_Report: alloc of 7 bytes from gui_CreateOption
NOTIFY: memory_Report: alloc of 5 bytes from gui_CreateOption
NOTIFY: memory_Report: alloc of 5 bytes from gui_CreateOption
NOTIFY: memory_Report: alloc of 5 bytes from gui_CreateOption
NOTIFY: memory_Report: alloc of 15 bytes from gui_CreateOption
NOTIFY: memory_Report: alloc of 15 bytes from gui_CreateOption
NOTIFY: memory_Report: alloc of 21 bytes from gui_CreateOption
NOTIFY: memory_Report: alloc of 11 bytes from gui_CreateOption
NOTIFY: memory_Report: alloc of 18 bytes from gui_CreateOption
NOTIFY: memory_Report: alloc of 14 bytes from gui_CreateOption
NOTIFY: memory_Report: alloc of 7 bytes from editor_InitExplorerUI
NOTIFY: memory_Report: alloc of 8 bytes from gui_SetButtonText
NOTIFY: memory_Report: alloc of 7 bytes from gui_SetButtonText
NOTIFY: memory_Report: alloc of 5 bytes from gui_SetButtonText
NOTIFY: memory_Report: alloc of 9 bytes from gui_CreateOption
NOTIFY: memory_Report: alloc of 64 bytes from gui_CreateOption
NOTIFY: memory_Report: alloc of 19 bytes from gui_CreateOption
NOTIFY: memory_Report: alloc of 18 bytes from gui_CreateOption
NOTIFY: memory_Report: alloc of 21 bytes from gui_CreateOption
NOTIFY: memory_Report: alloc of 21 bytes from gui_CreateOption
NOTIFY: memory_Report: alloc of 20 bytes from camera_CreateCamera
NOTIFY: memory_Report: alloc of 12 bytes from gui_CreateOption
NOTIFY: memory_Report: alloc of 10 bytes from gui_CreateOption
NOTIFY: memory_Report: alloc of 10 bytes from gui_CreateOption
NOTIFY: memory_Report: alloc of 10 bytes from gui_CreateOption
NOTIFY: memory_Report: alloc of 16 bytes from gui_CreateOption
NOTIFY: memory_Report: alloc of 11 bytes from gui_CreateOption
NOTIFY: memory_Report: alloc of 13 bytes from gui_CreateOption
NOTIFY: memory_Report: alloc of 5 bytes from gui_CreateOption
NOTIFY: memory_Report: alloc of 9 bytes from gui_CreateOption
NOTIFY: memory_Report: alloc of 8 bytes from gui_CreateOption
NOTIFY: memory_Report: alloc of 15 bytes from gui_CreateOption
NOTIFY: memory_Report: alloc of 17 bytes from gui_CreateOption
NOTIFY: memory_Report: alloc of 6 bytes from gui_CreateOption
NOTIFY: memory_Report: alloc of 1694 bytes from script_LoadScript
NOTIFY: memory_Report: alloc of 52 bytes from script_CreateScript
NOTIFY: memory_Report: alloc of 10 bytes from script_CreateScript
NOTIFY: memory_Report: alloc of 21 bytes from script_CreateScript
NOTIFY: memory_Report: alloc of 40 bytes from model_CreateMesh
NOTIFY: memory_Report: alloc of 16 bytes from entity_CreateEntityDef
NOTIFY: memory_Report: alloc of 16 bytes from entity_ParentTransformComponent
NOTIFY: memory_Report: alloc of 7 bytes from camera_CreateCamera
NOTIFY: memory_Report: alloc of 13 bytes from gui_CreateOption
NOTIFY: memory_Report: alloc of 21 bytes from camera_CreateCamera
NOTIFY: memory_Report: alloc of 20480 bytes from editor_EntityEditorInit
NOTIFY: memory_Report: alloc of 21 bytes from gui_CreateOption
NOTIFY: memory_Report: alloc of 25 bytes from gui_CreateOption
NOTIFY: memory_Report: alloc of 23 bytes from gui_CreateOption
NOTIFY: memory_Report: alloc of 20 bytes from gui_CreateOption
NOTIFY: memory_Report: alloc of 33 bytes from gui_CreateOption
NOTIFY: memory_Report: alloc of 8 bytes from gui_CreateOption
NOTIFY: memory_Report: alloc of 13 bytes from gui_CreateOption
NOTIFY: memory_Report: 23482 allocd bytes remain
NOTIFY: ENGINE FINISH
